[INFO] 2025-07-07T13:30:00.876Z: Starting payment polling task...
[INFO] 2025-07-07T13:30:00.880Z: Generating payment statistics...
[INFO] 2025-07-07T13:30:00.883Z: Performing health check...
[INFO] 2025-07-07T13:30:00.886Z: Found 0 pending payments to check
[INFO] 2025-07-07T13:30:00.887Z: Payment polling task completed
[INFO] 2025-07-07T13:30:00.891Z: Database health check:
[INFO] 2025-07-07T13:30:00.904Z: Payment statistics:
[INFO] 2025-07-07T13:35:00.350Z: Starting payment polling task...
[INFO] 2025-07-07T13:35:00.355Z: Found 0 pending payments to check
[INFO] 2025-07-07T13:35:00.356Z: Payment polling task completed
[INFO] 2025-07-07T13:40:00.933Z: Starting payment polling task...
[INFO] 2025-07-07T13:40:00.936Z: Performing health check...
[INFO] 2025-07-07T13:40:00.938Z: Found 0 pending payments to check
[INFO] 2025-07-07T13:40:00.939Z: Payment polling task completed
[INFO] 2025-07-07T13:40:00.940Z: Database health check:
[INFO] 2025-07-07T13:45:00.547Z: Starting payment polling task...
[INFO] 2025-07-07T13:45:00.552Z: Found 0 pending payments to check
[INFO] 2025-07-07T13:45:00.552Z: Payment polling task completed
[INFO] 2025-07-07T13:50:00.859Z: Starting payment polling task...
[INFO] 2025-07-07T13:50:00.862Z: Found 0 pending payments to check
[INFO] 2025-07-07T13:50:00.863Z: Payment polling task completed
[INFO] 2025-07-07T13:50:00.923Z: Performing health check...
[INFO] 2025-07-07T13:50:00.925Z: Database health check:
[INFO] 2025-07-07T13:55:00.879Z: Starting payment polling task...
[INFO] 2025-07-07T13:55:00.884Z: Found 0 pending payments to check
[INFO] 2025-07-07T13:55:00.885Z: Payment polling task completed
[INFO] 2025-07-07T14:00:00.496Z: Starting payment polling task...
[INFO] 2025-07-07T14:00:00.499Z: Found 0 pending payments to check
[INFO] 2025-07-07T14:00:00.500Z: Payment polling task completed
[INFO] 2025-07-07T14:00:00.637Z: Performing health check...
[INFO] 2025-07-07T14:00:00.639Z: Database health check:
[INFO] 2025-07-07T14:05:00.276Z: Starting payment polling task...
[INFO] 2025-07-07T14:05:00.280Z: Found 0 pending payments to check
[INFO] 2025-07-07T14:05:00.281Z: Payment polling task completed
[INFO] 2025-07-07T14:10:00.053Z: Performing health check...
[INFO] 2025-07-07T14:10:00.055Z: Database health check:
[INFO] 2025-07-07T14:10:00.934Z: Starting payment polling task...
[INFO] 2025-07-07T14:10:00.937Z: Found 0 pending payments to check
[INFO] 2025-07-07T14:10:00.938Z: Payment polling task completed
[INFO] 2025-07-07T14:15:00.776Z: Starting payment polling task...
[INFO] 2025-07-07T14:15:00.780Z: Found 0 pending payments to check
[INFO] 2025-07-07T14:15:00.781Z: Payment polling task completed
[INFO] 2025-07-07T14:20:00.335Z: Starting payment polling task...
[INFO] 2025-07-07T14:20:00.339Z: Found 0 pending payments to check
[INFO] 2025-07-07T14:20:00.340Z: Payment polling task completed
[INFO] 2025-07-07T14:20:00.414Z: Performing health check...
[INFO] 2025-07-07T14:20:00.417Z: Database health check:
[INFO] 2025-07-07T14:25:00.837Z: Starting payment polling task...
[INFO] 2025-07-07T14:25:00.841Z: Found 0 pending payments to check
[INFO] 2025-07-07T14:25:00.842Z: Payment polling task completed
[INFO] 2025-07-07T14:30:00.427Z: Starting payment polling task...
[INFO] 2025-07-07T14:30:00.431Z: Found 0 pending payments to check
[INFO] 2025-07-07T14:30:00.432Z: Payment polling task completed
[INFO] 2025-07-07T14:30:00.522Z: Generating payment statistics...
[INFO] 2025-07-07T14:30:00.525Z: Performing health check...
[INFO] 2025-07-07T14:30:00.527Z: Database health check:
[INFO] 2025-07-07T14:30:00.537Z: Payment statistics:
[INFO] 2025-07-07T14:35:00.391Z: Starting payment polling task...
[INFO] 2025-07-07T14:35:00.395Z: Found 0 pending payments to check
[INFO] 2025-07-07T14:35:00.396Z: Payment polling task completed
[INFO] 2025-07-07T14:40:00.204Z: Starting payment polling task...
[INFO] 2025-07-07T14:40:00.207Z: Found 0 pending payments to check
[INFO] 2025-07-07T14:40:00.208Z: Payment polling task completed
[INFO] 2025-07-07T14:40:00.249Z: Performing health check...
[INFO] 2025-07-07T14:40:00.252Z: Database health check:
[INFO] 2025-07-07T14:45:00.250Z: Starting payment polling task...
[INFO] 2025-07-07T14:45:00.253Z: Found 0 pending payments to check
[INFO] 2025-07-07T14:45:00.254Z: Payment polling task completed
[INFO] 2025-07-07T14:50:00.186Z: Starting payment polling task...
[INFO] 2025-07-07T14:50:00.189Z: Found 0 pending payments to check
[INFO] 2025-07-07T14:50:00.190Z: Payment polling task completed
[INFO] 2025-07-07T14:50:00.343Z: Performing health check...
[INFO] 2025-07-07T14:50:00.346Z: Database health check:
[INFO] 2025-07-07T14:55:00.222Z: Starting payment polling task...
[INFO] 2025-07-07T14:55:00.226Z: Found 0 pending payments to check
[INFO] 2025-07-07T14:55:00.227Z: Payment polling task completed
[INFO] 2025-07-07T15:00:00.650Z: Starting payment polling task...
[INFO] 2025-07-07T15:00:00.653Z: Found 0 pending payments to check
[INFO] 2025-07-07T15:00:00.654Z: Payment polling task completed
[INFO] 2025-07-07T15:00:00.790Z: Performing health check...
[INFO] 2025-07-07T15:00:00.793Z: Database health check:
[INFO] 2025-07-07T15:05:00.412Z: Starting payment polling task...
[INFO] 2025-07-07T15:05:00.416Z: Found 0 pending payments to check
[INFO] 2025-07-07T15:05:00.417Z: Payment polling task completed
[INFO] 2025-07-07T15:10:00.327Z: Starting payment polling task...
[INFO] 2025-07-07T15:10:00.332Z: Found 0 pending payments to check
[INFO] 2025-07-07T15:10:00.334Z: Payment polling task completed
[INFO] 2025-07-07T15:10:00.564Z: Performing health check...
[INFO] 2025-07-07T15:10:00.567Z: Database health check:
[INFO] 2025-07-07T15:15:00.060Z: Starting payment polling task...
[INFO] 2025-07-07T15:15:00.065Z: Found 0 pending payments to check
[INFO] 2025-07-07T15:15:00.066Z: Payment polling task completed
[INFO] 2025-07-07T15:20:00.758Z: Starting payment polling task...
[INFO] 2025-07-07T15:20:00.761Z: Found 0 pending payments to check
[INFO] 2025-07-07T15:20:00.762Z: Payment polling task completed
[INFO] 2025-07-07T15:20:00.946Z: Performing health check...
[INFO] 2025-07-07T15:20:00.949Z: Database health check:
[INFO] 2025-07-07T15:25:00.384Z: Starting payment polling task...
[INFO] 2025-07-07T15:25:00.388Z: Found 0 pending payments to check
[INFO] 2025-07-07T15:25:00.389Z: Payment polling task completed
[INFO] 2025-07-07T15:30:00.052Z: Starting payment polling task...
[INFO] 2025-07-07T15:30:00.055Z: Found 0 pending payments to check
[INFO] 2025-07-07T15:30:00.056Z: Payment polling task completed
[INFO] 2025-07-07T15:30:00.255Z: Generating payment statistics...
[INFO] 2025-07-07T15:30:00.257Z: Performing health check...
[INFO] 2025-07-07T15:30:00.260Z: Database health check:
[INFO] 2025-07-07T15:30:00.270Z: Payment statistics:
[INFO] 2025-07-07T15:35:00.962Z: Starting payment polling task...
[INFO] 2025-07-07T15:35:00.966Z: Found 0 pending payments to check
[INFO] 2025-07-07T15:35:00.966Z: Payment polling task completed
[INFO] 2025-07-07T15:40:00.405Z: Starting payment polling task...
[INFO] 2025-07-07T15:40:00.409Z: Found 0 pending payments to check
[INFO] 2025-07-07T15:40:00.410Z: Payment polling task completed
[INFO] 2025-07-07T15:40:00.623Z: Performing health check...
[INFO] 2025-07-07T15:40:00.625Z: Database health check:
[INFO] 2025-07-07T15:45:00.830Z: Starting payment polling task...
[INFO] 2025-07-07T15:45:00.833Z: Found 0 pending payments to check
[INFO] 2025-07-07T15:45:00.834Z: Payment polling task completed
[INFO] 2025-07-07T15:50:00.315Z: Starting payment polling task...
[INFO] 2025-07-07T15:50:00.318Z: Found 0 pending payments to check
[INFO] 2025-07-07T15:50:00.319Z: Payment polling task completed
[INFO] 2025-07-07T15:50:00.580Z: Performing health check...
[INFO] 2025-07-07T15:50:00.582Z: Database health check:
[INFO] 2025-07-07T15:55:00.338Z: Starting payment polling task...
[INFO] 2025-07-07T15:55:00.342Z: Found 0 pending payments to check
[INFO] 2025-07-07T15:55:00.343Z: Payment polling task completed
[INFO] 2025-07-07T16:00:00.133Z: Performing health check...
[INFO] 2025-07-07T16:00:00.135Z: Database health check:
[INFO] 2025-07-07T16:00:00.818Z: Starting payment polling task...
[INFO] 2025-07-07T16:00:00.821Z: Found 0 pending payments to check
[INFO] 2025-07-07T16:00:00.822Z: Payment polling task completed
[INFO] 2025-07-07T16:05:00.123Z: Starting payment polling task...
[INFO] 2025-07-07T16:05:00.126Z: Found 0 pending payments to check
[INFO] 2025-07-07T16:05:00.127Z: Payment polling task completed
[INFO] 2025-07-07T16:10:00.278Z: Starting payment polling task...
[INFO] 2025-07-07T16:10:00.281Z: Found 0 pending payments to check
[INFO] 2025-07-07T16:10:00.282Z: Payment polling task completed
[INFO] 2025-07-07T16:10:00.730Z: Performing health check...
[INFO] 2025-07-07T16:10:00.733Z: Database health check:
[INFO] 2025-07-07T16:15:00.857Z: Starting payment polling task...
[INFO] 2025-07-07T16:15:00.861Z: Found 0 pending payments to check
[INFO] 2025-07-07T16:15:00.863Z: Payment polling task completed
[INFO] 2025-07-07T16:20:00.133Z: Performing health check...
[INFO] 2025-07-07T16:20:00.136Z: Database health check:
[INFO] 2025-07-07T16:20:00.699Z: Starting payment polling task...
[INFO] 2025-07-07T16:20:00.702Z: Found 0 pending payments to check
[INFO] 2025-07-07T16:20:00.703Z: Payment polling task completed
[INFO] 2025-07-07T16:25:00.388Z: Starting payment polling task...
[INFO] 2025-07-07T16:25:00.392Z: Found 0 pending payments to check
[INFO] 2025-07-07T16:25:00.392Z: Payment polling task completed
[INFO] 2025-07-07T16:30:00.170Z: Starting payment polling task...
[INFO] 2025-07-07T16:30:00.174Z: Found 0 pending payments to check
[INFO] 2025-07-07T16:30:00.175Z: Payment polling task completed
[INFO] 2025-07-07T16:30:00.610Z: Generating payment statistics...
[INFO] 2025-07-07T16:30:00.612Z: Performing health check...
[INFO] 2025-07-07T16:30:00.616Z: Database health check:
[INFO] 2025-07-07T16:30:00.625Z: Payment statistics:
[INFO] 2025-07-07T16:35:00.677Z: Starting payment polling task...
[INFO] 2025-07-07T16:35:00.680Z: Found 0 pending payments to check
[INFO] 2025-07-07T16:35:00.681Z: Payment polling task completed
[INFO] 2025-07-07T16:40:00.013Z: Performing health check...
[INFO] 2025-07-07T16:40:00.015Z: Database health check:
[INFO] 2025-07-07T16:40:00.388Z: Starting payment polling task...
[INFO] 2025-07-07T16:40:00.392Z: Found 0 pending payments to check
[INFO] 2025-07-07T16:40:00.393Z: Payment polling task completed
[INFO] 2025-07-07T16:45:00.882Z: Starting payment polling task...
[INFO] 2025-07-07T16:45:00.886Z: Found 0 pending payments to check
[INFO] 2025-07-07T16:45:00.887Z: Payment polling task completed
[INFO] 2025-07-07T16:50:00.128Z: Performing health check...
[INFO] 2025-07-07T16:50:00.131Z: Database health check:
[INFO] 2025-07-07T16:50:00.458Z: Starting payment polling task...
[INFO] 2025-07-07T16:50:00.462Z: Found 0 pending payments to check
[INFO] 2025-07-07T16:50:00.463Z: Payment polling task completed
[INFO] 2025-07-07T16:55:00.148Z: Starting payment polling task...
[INFO] 2025-07-07T16:55:00.151Z: Found 0 pending payments to check
[INFO] 2025-07-07T16:55:00.152Z: Payment polling task completed
[INFO] 2025-07-07T17:00:00.477Z: Performing health check...
[INFO] 2025-07-07T17:00:00.480Z: Database health check:
[INFO] 2025-07-07T17:00:00.697Z: Starting payment polling task...
[INFO] 2025-07-07T17:00:00.701Z: Found 0 pending payments to check
[INFO] 2025-07-07T17:00:00.702Z: Payment polling task completed
[INFO] 2025-07-07T17:05:00.270Z: Starting payment polling task...
[INFO] 2025-07-07T17:05:00.275Z: Found 0 pending payments to check
[INFO] 2025-07-07T17:05:00.276Z: Payment polling task completed
[INFO] 2025-07-07T17:10:00.528Z: Performing health check...
[INFO] 2025-07-07T17:10:00.531Z: Database health check:
[INFO] 2025-07-07T17:10:00.809Z: Starting payment polling task...
[INFO] 2025-07-07T17:10:00.813Z: Found 0 pending payments to check
[INFO] 2025-07-07T17:10:00.814Z: Payment polling task completed
[INFO] 2025-07-07T17:15:00.644Z: Starting payment polling task...
[INFO] 2025-07-07T17:15:00.648Z: Found 0 pending payments to check
[INFO] 2025-07-07T17:15:00.649Z: Payment polling task completed
[INFO] 2025-07-07T17:20:00.357Z: Starting payment polling task...
[INFO] 2025-07-07T17:20:00.360Z: Found 0 pending payments to check
[INFO] 2025-07-07T17:20:00.361Z: Payment polling task completed
[INFO] 2025-07-07T17:20:00.859Z: Performing health check...
[INFO] 2025-07-07T17:20:00.862Z: Database health check:
[INFO] 2025-07-07T17:25:00.969Z: Starting payment polling task...
[INFO] 2025-07-07T17:25:00.973Z: Found 0 pending payments to check
[INFO] 2025-07-07T17:25:00.973Z: Payment polling task completed
[INFO] 2025-07-08T03:10:00.444Z: Performing health check...
[INFO] 2025-07-08T03:10:00.456Z: Database health check:
[INFO] 2025-07-08T03:10:00.475Z: Starting payment polling task...
[INFO] 2025-07-08T03:10:00.481Z: Found 0 pending payments to check
[INFO] 2025-07-08T03:10:00.483Z: Payment polling task completed
[INFO] 2025-07-08T03:15:00.705Z: Starting payment polling task...
[INFO] 2025-07-08T03:15:00.709Z: Found 0 pending payments to check
[INFO] 2025-07-08T03:15:00.710Z: Payment polling task completed
[INFO] 2025-07-08T03:20:00.715Z: Performing health check...
[INFO] 2025-07-08T03:20:00.718Z: Starting payment polling task...
[INFO] 2025-07-08T03:20:00.720Z: Database health check:
[INFO] 2025-07-08T03:20:00.725Z: Found 0 pending payments to check
[INFO] 2025-07-08T03:20:00.726Z: Payment polling task completed
[INFO] 2025-07-08T03:25:00.470Z: Starting payment polling task...
[INFO] 2025-07-08T03:25:00.475Z: Found 0 pending payments to check
[INFO] 2025-07-08T03:25:00.476Z: Payment polling task completed
[INFO] 2025-07-08T03:30:00.441Z: Performing health check...
[INFO] 2025-07-08T03:30:00.445Z: Database health check:
[INFO] 2025-07-08T03:30:00.598Z: Starting payment polling task...
[INFO] 2025-07-08T03:30:00.601Z: Generating payment statistics...
[INFO] 2025-07-08T03:30:00.604Z: Found 0 pending payments to check
[INFO] 2025-07-08T03:30:00.606Z: Payment polling task completed
[INFO] 2025-07-08T03:30:00.631Z: Payment statistics:
[INFO] 2025-07-08T03:35:00.404Z: Starting payment polling task...
[INFO] 2025-07-08T03:35:00.408Z: Found 0 pending payments to check
[INFO] 2025-07-08T03:35:00.409Z: Payment polling task completed
[INFO] 2025-07-08T03:40:00.729Z: Performing health check...
[INFO] 2025-07-08T03:40:00.732Z: Database health check:
[INFO] 2025-07-08T03:40:00.933Z: Starting payment polling task...
[INFO] 2025-07-08T03:40:00.938Z: Found 0 pending payments to check
[INFO] 2025-07-08T03:40:00.939Z: Payment polling task completed
[INFO] 2025-07-08T03:45:00.987Z: Starting payment polling task...
[INFO] 2025-07-08T03:45:00.992Z: Found 0 pending payments to check
[INFO] 2025-07-08T03:45:00.994Z: Payment polling task completed
[INFO] 2025-07-08T03:55:00.223Z: Starting payment polling task...
[INFO] 2025-07-08T03:55:00.229Z: Found 0 pending payments to check
[INFO] 2025-07-08T03:55:00.230Z: Payment polling task completed
[INFO] 2025-07-08T04:00:00.887Z: Starting payment polling task...
[INFO] 2025-07-08T04:00:00.890Z: Performing health check...
[INFO] 2025-07-08T04:00:00.893Z: Found 0 pending payments to check
[INFO] 2025-07-08T04:00:00.894Z: Payment polling task completed
[INFO] 2025-07-08T04:00:00.896Z: Database health check:
[INFO] 2025-07-08T05:50:00.896Z: Starting payment polling task...
[INFO] 2025-07-08T05:50:00.901Z: Found 0 pending payments to check
[INFO] 2025-07-08T05:50:00.902Z: Payment polling task completed
[INFO] 2025-07-08T05:50:00.958Z: Performing health check...
[INFO] 2025-07-08T05:50:00.962Z: Database health check:
[INFO] 2025-07-08T05:55:00.535Z: Starting payment polling task...
[INFO] 2025-07-08T05:55:00.541Z: Found 0 pending payments to check
[INFO] 2025-07-08T05:55:00.542Z: Payment polling task completed
[INFO] 2025-07-08T06:00:00.304Z: Starting payment polling task...
[INFO] 2025-07-08T06:00:00.308Z: Found 0 pending payments to check
[INFO] 2025-07-08T06:00:00.309Z: Payment polling task completed
[INFO] 2025-07-08T06:00:00.381Z: Performing health check...
[INFO] 2025-07-08T06:00:00.383Z: Database health check:
[INFO] 2025-07-08T06:05:00.973Z: Starting payment polling task...
[INFO] 2025-07-08T06:05:00.978Z: Found 0 pending payments to check
[INFO] 2025-07-08T06:05:00.979Z: Payment polling task completed
[INFO] 2025-07-08T06:10:00.421Z: Starting payment polling task...
[INFO] 2025-07-08T06:10:00.425Z: Found 0 pending payments to check
[INFO] 2025-07-08T06:10:00.426Z: Payment polling task completed
[INFO] 2025-07-08T06:10:00.563Z: Performing health check...
[INFO] 2025-07-08T06:10:00.566Z: Database health check:
[INFO] 2025-07-08T06:15:00.253Z: Starting payment polling task...
[INFO] 2025-07-08T06:15:00.257Z: Found 0 pending payments to check
[INFO] 2025-07-08T06:15:00.259Z: Payment polling task completed
[INFO] 2025-07-09T11:55:00.132Z: Starting payment polling task...
[INFO] 2025-07-09T11:55:00.148Z: Found 0 pending payments to check
[INFO] 2025-07-09T11:55:00.150Z: Payment polling task completed
[INFO] 2025-07-09T12:00:00.796Z: Starting payment polling task...
[INFO] 2025-07-09T12:00:00.800Z: Found 0 pending payments to check
[INFO] 2025-07-09T12:00:00.801Z: Payment polling task completed
[INFO] 2025-07-09T12:00:00.983Z: Performing health check...
[INFO] 2025-07-09T12:00:00.986Z: Database health check:
[INFO] 2025-07-09T12:05:00.188Z: Starting payment polling task...
[INFO] 2025-07-09T12:05:00.192Z: Found 0 pending payments to check
[INFO] 2025-07-09T12:05:00.194Z: Payment polling task completed
[INFO] 2025-07-09T12:10:00.217Z: Starting payment polling task...
[INFO] 2025-07-09T12:10:00.220Z: Found 0 pending payments to check
[INFO] 2025-07-09T12:10:00.221Z: Payment polling task completed
[INFO] 2025-07-09T12:10:00.418Z: Performing health check...
[INFO] 2025-07-09T12:10:00.420Z: Database health check:
[INFO] 2025-07-09T12:15:00.135Z: Starting payment polling task...
[INFO] 2025-07-09T12:15:00.142Z: Found 0 pending payments to check
[INFO] 2025-07-09T12:15:00.143Z: Payment polling task completed
[INFO] 2025-07-09T12:20:00.351Z: Starting payment polling task...
[INFO] 2025-07-09T12:20:00.356Z: Found 0 pending payments to check
[INFO] 2025-07-09T12:20:00.357Z: Payment polling task completed
[INFO] 2025-07-09T12:20:00.430Z: Performing health check...
[INFO] 2025-07-09T12:20:00.433Z: Database health check:
[INFO] 2025-07-09T12:25:00.090Z: Starting payment polling task...
[INFO] 2025-07-09T12:25:00.094Z: Found 0 pending payments to check
[INFO] 2025-07-09T12:25:00.096Z: Payment polling task completed
[INFO] 2025-07-09T12:30:00.823Z: Starting payment polling task...
[INFO] 2025-07-09T12:30:00.826Z: Generating payment statistics...
[INFO] 2025-07-09T12:30:00.829Z: Found 0 pending payments to check
[INFO] 2025-07-09T12:30:00.830Z: Payment polling task completed
[INFO] 2025-07-09T12:30:00.921Z: Payment statistics:
[INFO] 2025-07-09T12:30:00.922Z: Performing health check...
[INFO] 2025-07-09T12:30:00.925Z: Database health check:
[INFO] 2025-07-09T12:35:00.548Z: Starting payment polling task...
[INFO] 2025-07-09T12:35:00.553Z: Found 0 pending payments to check
[INFO] 2025-07-09T12:35:00.554Z: Payment polling task completed
[INFO] 2025-07-09T12:40:00.363Z: Starting payment polling task...
[INFO] 2025-07-09T12:40:00.367Z: Found 0 pending payments to check
[INFO] 2025-07-09T12:40:00.368Z: Payment polling task completed
[INFO] 2025-07-09T12:40:00.553Z: Performing health check...
[INFO] 2025-07-09T12:40:00.556Z: Database health check:
[INFO] 2025-07-10T10:55:00.131Z: Starting payment polling task...
[INFO] 2025-07-10T10:55:00.173Z: Found 0 pending payments to check
[INFO] 2025-07-10T10:55:00.173Z: Payment polling task completed
[INFO] 2025-07-10T11:00:00.947Z: Starting payment polling task...
[INFO] 2025-07-10T11:00:00.952Z: Found 0 pending payments to check
[INFO] 2025-07-10T11:00:00.953Z: Payment polling task completed
[INFO] 2025-07-10T11:00:00.962Z: Performing health check...
[INFO] 2025-07-10T11:00:00.971Z: Database health check:
[INFO] 2025-07-10T11:05:00.934Z: Starting payment polling task...
[INFO] 2025-07-10T11:05:00.939Z: Found 0 pending payments to check
[INFO] 2025-07-10T11:05:00.940Z: Payment polling task completed
[INFO] 2025-07-10T11:10:00.585Z: Starting payment polling task...
[INFO] 2025-07-10T11:10:00.590Z: Found 0 pending payments to check
[INFO] 2025-07-10T11:10:00.591Z: Payment polling task completed
[INFO] 2025-07-10T11:10:00.711Z: Performing health check...
[INFO] 2025-07-10T11:10:00.714Z: Database health check:
[INFO] 2025-07-10T11:15:00.223Z: Starting payment polling task...
[INFO] 2025-07-10T11:15:00.226Z: Found 0 pending payments to check
[INFO] 2025-07-10T11:15:00.227Z: Payment polling task completed
[INFO] 2025-07-10T11:20:00.768Z: Starting payment polling task...
[INFO] 2025-07-10T11:20:00.771Z: Found 0 pending payments to check
[INFO] 2025-07-10T11:20:00.772Z: Payment polling task completed
[INFO] 2025-07-10T11:20:00.985Z: Performing health check...
[INFO] 2025-07-10T11:20:00.987Z: Database health check:
[INFO] 2025-07-10T11:25:00.535Z: Starting payment polling task...
[INFO] 2025-07-10T11:25:00.539Z: Found 0 pending payments to check
[INFO] 2025-07-10T11:25:00.540Z: Payment polling task completed
[INFO] 2025-07-10T11:30:00.396Z: Starting payment polling task...
[INFO] 2025-07-10T11:30:00.400Z: Found 0 pending payments to check
[INFO] 2025-07-10T11:30:00.401Z: Payment polling task completed
[INFO] 2025-07-10T11:30:00.630Z: Generating payment statistics...
[INFO] 2025-07-10T11:30:00.712Z: Performing health check...
[INFO] 2025-07-10T11:30:00.714Z: Payment statistics:
[INFO] 2025-07-10T11:30:00.716Z: Database health check:
[INFO] 2025-07-10T11:35:00.440Z: Starting payment polling task...
[INFO] 2025-07-10T11:35:00.451Z: Found 0 pending payments to check
[INFO] 2025-07-10T11:35:00.452Z: Payment polling task completed
[INFO] 2025-07-10T11:40:00.114Z: Starting payment polling task...
[INFO] 2025-07-10T11:40:00.116Z: Performing health check...
[INFO] 2025-07-10T11:40:00.119Z: Found 0 pending payments to check
[INFO] 2025-07-10T11:40:00.120Z: Payment polling task completed
[INFO] 2025-07-10T11:40:00.122Z: Database health check:
[INFO] 2025-07-10T11:45:00.352Z: Starting payment polling task...
[INFO] 2025-07-10T11:45:00.356Z: Found 0 pending payments to check
[INFO] 2025-07-10T11:45:00.356Z: Payment polling task completed
[INFO] 2025-07-10T11:50:00.088Z: Starting payment polling task...
[INFO] 2025-07-10T11:50:00.091Z: Performing health check...
[INFO] 2025-07-10T11:50:00.094Z: Found 0 pending payments to check
[INFO] 2025-07-10T11:50:00.095Z: Payment polling task completed
[INFO] 2025-07-10T11:50:00.096Z: Database health check:
[INFO] 2025-07-10T11:55:00.626Z: Starting payment polling task...
[INFO] 2025-07-10T11:55:00.630Z: Found 0 pending payments to check
[INFO] 2025-07-10T11:55:00.631Z: Payment polling task completed
[INFO] 2025-07-10T12:00:00.124Z: Starting payment polling task...
[INFO] 2025-07-10T12:00:00.126Z: Performing health check...
[INFO] 2025-07-10T12:00:00.127Z: Found 0 pending payments to check
[INFO] 2025-07-10T12:00:00.128Z: Payment polling task completed
[INFO] 2025-07-10T12:00:00.130Z: Database health check:
[INFO] 2025-07-10T12:05:00.802Z: Starting payment polling task...
[INFO] 2025-07-10T12:05:00.806Z: Found 0 pending payments to check
[INFO] 2025-07-10T12:05:00.807Z: Payment polling task completed
[INFO] 2025-07-10T12:10:00.438Z: Starting payment polling task...
[INFO] 2025-07-10T12:10:00.443Z: Found 0 pending payments to check
[INFO] 2025-07-10T12:10:00.444Z: Payment polling task completed
[INFO] 2025-07-10T12:10:00.485Z: Performing health check...
[INFO] 2025-07-10T12:10:00.487Z: Database health check:
[INFO] 2025-07-10T12:15:00.176Z: Starting payment polling task...
[INFO] 2025-07-10T12:15:00.180Z: Found 0 pending payments to check
[INFO] 2025-07-10T12:15:00.181Z: Payment polling task completed
[INFO] 2025-07-10T12:20:00.920Z: Starting payment polling task...
[INFO] 2025-07-10T12:20:00.922Z: Performing health check...
[INFO] 2025-07-10T12:20:00.924Z: Found 0 pending payments to check
[INFO] 2025-07-10T12:20:00.925Z: Payment polling task completed
[INFO] 2025-07-10T12:20:00.927Z: Database health check:
[INFO] 2025-07-10T12:25:00.588Z: Starting payment polling task...
[INFO] 2025-07-10T12:25:00.592Z: Found 0 pending payments to check
[INFO] 2025-07-10T12:25:00.594Z: Payment polling task completed
[INFO] 2025-07-10T12:30:00.237Z: Starting payment polling task...
[INFO] 2025-07-10T12:30:00.240Z: Found 0 pending payments to check
[INFO] 2025-07-10T12:30:00.241Z: Payment polling task completed
[INFO] 2025-07-10T12:30:00.268Z: Generating payment statistics...
[INFO] 2025-07-10T12:30:00.272Z: Performing health check...
[INFO] 2025-07-10T12:30:00.274Z: Database health check:
[INFO] 2025-07-10T12:30:00.291Z: Payment statistics:
[INFO] 2025-07-10T12:35:00.689Z: Starting payment polling task...
[INFO] 2025-07-10T12:35:00.693Z: Found 0 pending payments to check
[INFO] 2025-07-10T12:35:00.694Z: Payment polling task completed
[INFO] 2025-07-10T12:40:00.275Z: Starting payment polling task...
[INFO] 2025-07-10T12:40:00.277Z: Performing health check...
[INFO] 2025-07-10T12:40:00.279Z: Database health check:
[INFO] 2025-07-10T12:40:00.285Z: Found 0 pending payments to check
[INFO] 2025-07-10T12:40:00.286Z: Payment polling task completed
[INFO] 2025-07-10T12:45:00.862Z: Starting payment polling task...
[INFO] 2025-07-10T12:45:00.865Z: Found 0 pending payments to check
[INFO] 2025-07-10T12:45:00.866Z: Payment polling task completed
[INFO] 2025-07-10T12:50:00.607Z: Starting payment polling task...
[INFO] 2025-07-10T12:50:00.609Z: Performing health check...
[INFO] 2025-07-10T12:50:00.611Z: Found 0 pending payments to check
[INFO] 2025-07-10T12:50:00.612Z: Payment polling task completed
[INFO] 2025-07-10T12:50:00.613Z: Database health check:
[INFO] 2025-07-10T12:55:00.066Z: Starting payment polling task...
[INFO] 2025-07-10T12:55:00.070Z: Found 0 pending payments to check
[INFO] 2025-07-10T12:55:00.070Z: Payment polling task completed
[INFO] 2025-07-10T13:00:00.893Z: Starting payment polling task...
[INFO] 2025-07-10T13:00:00.895Z: Performing health check...
[INFO] 2025-07-10T13:00:00.897Z: Found 0 pending payments to check
[INFO] 2025-07-10T13:00:00.898Z: Payment polling task completed
[INFO] 2025-07-10T13:00:00.900Z: Database health check:
[INFO] 2025-07-10T13:05:00.463Z: Starting payment polling task...
[INFO] 2025-07-10T13:05:00.466Z: Found 0 pending payments to check
[INFO] 2025-07-10T13:05:00.467Z: Payment polling task completed
[INFO] 2025-07-10T13:10:00.967Z: Starting payment polling task...
[INFO] 2025-07-10T13:10:00.970Z: Performing health check...
[INFO] 2025-07-10T13:10:00.972Z: Found 0 pending payments to check
[INFO] 2025-07-10T13:10:00.973Z: Payment polling task completed
[INFO] 2025-07-10T13:10:00.974Z: Database health check:
[INFO] 2025-07-10T14:00:00.594Z: Starting payment polling task...
[INFO] 2025-07-10T14:00:00.598Z: Performing health check...
[INFO] 2025-07-10T14:00:00.599Z: Found 0 pending payments to check
[INFO] 2025-07-10T14:00:00.600Z: Payment polling task completed
[INFO] 2025-07-10T14:00:00.601Z: Database health check:
[INFO] 2025-07-10T14:05:00.204Z: Starting payment polling task...
[INFO] 2025-07-10T14:05:00.208Z: Found 0 pending payments to check
[INFO] 2025-07-10T14:05:00.209Z: Payment polling task completed
[INFO] 2025-07-10T14:10:00.930Z: Starting payment polling task...
[INFO] 2025-07-10T14:10:00.932Z: Performing health check...
[INFO] 2025-07-10T14:10:00.933Z: Found 0 pending payments to check
[INFO] 2025-07-10T14:10:00.934Z: Payment polling task completed
[INFO] 2025-07-10T14:10:00.935Z: Database health check:
[INFO] 2025-07-10T14:15:00.540Z: Starting payment polling task...
[INFO] 2025-07-10T14:15:00.544Z: Found 0 pending payments to check
[INFO] 2025-07-10T14:15:00.545Z: Payment polling task completed
[INFO] 2025-07-10T14:20:00.026Z: Starting payment polling task...
[INFO] 2025-07-10T14:20:00.028Z: Performing health check...
[INFO] 2025-07-10T14:20:00.030Z: Found 0 pending payments to check
[INFO] 2025-07-10T14:20:00.030Z: Payment polling task completed
[INFO] 2025-07-10T14:20:00.032Z: Database health check:
[INFO] 2025-07-10T14:25:00.594Z: Starting payment polling task...
[INFO] 2025-07-10T14:25:00.597Z: Found 0 pending payments to check
[INFO] 2025-07-10T14:25:00.598Z: Payment polling task completed
[INFO] 2025-07-10T14:30:00.231Z: Starting payment polling task...
[INFO] 2025-07-10T14:30:00.234Z: Found 0 pending payments to check
[INFO] 2025-07-10T14:30:00.235Z: Payment polling task completed
[INFO] 2025-07-10T14:30:00.263Z: Generating payment statistics...
[INFO] 2025-07-10T14:30:00.265Z: Performing health check...
[INFO] 2025-07-10T14:30:00.267Z: Database health check:
[INFO] 2025-07-10T14:30:00.278Z: Payment statistics:
[INFO] 2025-07-10T14:35:00.833Z: Starting payment polling task...
[INFO] 2025-07-10T14:35:00.837Z: Found 0 pending payments to check
[INFO] 2025-07-10T14:35:00.838Z: Payment polling task completed
[INFO] 2025-07-10T14:40:00.412Z: Starting payment polling task...
[INFO] 2025-07-10T14:40:00.416Z: Found 0 pending payments to check
[INFO] 2025-07-10T14:40:00.417Z: Payment polling task completed
[INFO] 2025-07-10T14:40:00.472Z: Performing health check...
[INFO] 2025-07-10T14:40:00.474Z: Database health check:
[INFO] 2025-07-10T14:45:00.815Z: Starting payment polling task...
[INFO] 2025-07-10T14:45:00.819Z: Found 0 pending payments to check
[INFO] 2025-07-10T14:45:00.820Z: Payment polling task completed
[INFO] 2025-07-10T14:50:00.295Z: Starting payment polling task...
[INFO] 2025-07-10T14:50:00.298Z: Found 0 pending payments to check
[INFO] 2025-07-10T14:50:00.298Z: Payment polling task completed
[INFO] 2025-07-10T14:50:00.792Z: Performing health check...
[INFO] 2025-07-10T14:50:00.794Z: Database health check:
[INFO] 2025-07-10T14:55:00.920Z: Starting payment polling task...
[INFO] 2025-07-10T14:55:00.924Z: Found 0 pending payments to check
[INFO] 2025-07-10T14:55:00.925Z: Payment polling task completed
[INFO] 2025-07-10T15:00:00.009Z: Performing health check...
[INFO] 2025-07-10T15:00:00.012Z: Database health check:
[INFO] 2025-07-10T15:00:00.483Z: Starting payment polling task...
[INFO] 2025-07-10T15:00:00.486Z: Found 0 pending payments to check
[INFO] 2025-07-10T15:00:00.487Z: Payment polling task completed
[INFO] 2025-07-10T15:05:00.061Z: Starting payment polling task...
[INFO] 2025-07-10T15:05:00.064Z: Found 0 pending payments to check
[INFO] 2025-07-10T15:05:00.065Z: Payment polling task completed
[INFO] 2025-07-10T15:10:00.169Z: Performing health check...
[INFO] 2025-07-10T15:10:00.172Z: Database health check:
[INFO] 2025-07-10T15:10:00.701Z: Starting payment polling task...
[INFO] 2025-07-10T15:10:00.705Z: Found 0 pending payments to check
[INFO] 2025-07-10T15:10:00.706Z: Payment polling task completed
[INFO] 2025-07-10T15:15:00.537Z: Starting payment polling task...
[INFO] 2025-07-10T15:15:00.540Z: Found 0 pending payments to check
[INFO] 2025-07-10T15:15:00.541Z: Payment polling task completed
[INFO] 2025-07-10T15:20:00.052Z: Starting payment polling task...
[INFO] 2025-07-10T15:20:00.056Z: Found 0 pending payments to check
[INFO] 2025-07-10T15:20:00.057Z: Payment polling task completed
[INFO] 2025-07-10T15:20:00.648Z: Performing health check...
[INFO] 2025-07-10T15:20:00.651Z: Database health check:
[INFO] 2025-07-10T15:25:00.682Z: Starting payment polling task...
[INFO] 2025-07-10T15:25:00.685Z: Found 0 pending payments to check
[INFO] 2025-07-10T15:25:00.686Z: Payment polling task completed
[INFO] 2025-07-10T15:30:00.240Z: Starting payment polling task...
[INFO] 2025-07-10T15:30:00.244Z: Found 0 pending payments to check
[INFO] 2025-07-10T15:30:00.245Z: Payment polling task completed
[INFO] 2025-07-10T15:30:00.837Z: Generating payment statistics...
[INFO] 2025-07-10T15:30:00.848Z: Performing health check...
[INFO] 2025-07-10T15:30:00.851Z: Database health check:
[INFO] 2025-07-10T15:30:00.854Z: Payment statistics:
[INFO] 2025-07-10T15:35:00.795Z: Starting payment polling task...
[INFO] 2025-07-10T15:35:00.798Z: Found 0 pending payments to check
[INFO] 2025-07-10T15:35:00.799Z: Payment polling task completed
[INFO] 2025-07-10T15:40:00.054Z: Performing health check...
[INFO] 2025-07-10T15:40:00.057Z: Database health check:
[INFO] 2025-07-10T15:40:00.228Z: Starting payment polling task...
[INFO] 2025-07-10T15:40:00.232Z: Found 0 pending payments to check
[INFO] 2025-07-10T15:40:00.233Z: Payment polling task completed
[INFO] 2025-07-10T15:45:00.747Z: Starting payment polling task...
[INFO] 2025-07-10T15:45:00.750Z: Found 0 pending payments to check
[INFO] 2025-07-10T15:45:00.751Z: Payment polling task completed
[INFO] 2025-07-10T15:50:00.250Z: Performing health check...
[INFO] 2025-07-10T15:50:00.253Z: Database health check:
[INFO] 2025-07-10T15:50:00.344Z: Starting payment polling task...
[INFO] 2025-07-10T15:50:00.348Z: Found 0 pending payments to check
[INFO] 2025-07-10T15:50:00.349Z: Payment polling task completed
[INFO] 2025-07-10T15:55:00.982Z: Starting payment polling task...
[INFO] 2025-07-10T15:55:00.986Z: Found 0 pending payments to check
[INFO] 2025-07-10T15:55:00.987Z: Payment polling task completed
[INFO] 2025-07-10T16:00:00.563Z: Performing health check...
[INFO] 2025-07-10T16:00:00.567Z: Database health check:
[INFO] 2025-07-10T16:00:00.624Z: Starting payment polling task...
[INFO] 2025-07-10T16:00:00.627Z: Found 0 pending payments to check
[INFO] 2025-07-10T16:00:00.628Z: Payment polling task completed
[INFO] 2025-07-10T16:05:00.363Z: Starting payment polling task...
[INFO] 2025-07-10T16:05:00.367Z: Found 0 pending payments to check
[INFO] 2025-07-10T16:05:00.368Z: Payment polling task completed
[INFO] 2025-07-10T16:10:00.010Z: Performing health check...
[INFO] 2025-07-10T16:10:00.012Z: Database health check:
[INFO] 2025-07-10T16:10:00.119Z: Starting payment polling task...
[INFO] 2025-07-10T16:10:00.122Z: Found 0 pending payments to check
[INFO] 2025-07-10T16:10:00.123Z: Payment polling task completed
[INFO] 2025-07-10T16:15:00.276Z: Starting payment polling task...
[INFO] 2025-07-10T16:15:00.281Z: Found 0 pending payments to check
[INFO] 2025-07-10T16:15:00.282Z: Payment polling task completed
[INFO] 2025-07-10T16:20:00.757Z: Performing health check...
[INFO] 2025-07-10T16:20:00.760Z: Database health check:
[INFO] 2025-07-10T16:20:00.820Z: Starting payment polling task...
[INFO] 2025-07-10T16:20:00.823Z: Found 0 pending payments to check
[INFO] 2025-07-10T16:20:00.824Z: Payment polling task completed
[INFO] 2025-07-10T16:25:00.342Z: Starting payment polling task...
[INFO] 2025-07-10T16:25:00.345Z: Found 0 pending payments to check
[INFO] 2025-07-10T16:25:00.346Z: Payment polling task completed
[INFO] 2025-07-10T16:30:00.013Z: Performing health check...
[INFO] 2025-07-10T16:30:00.015Z: Starting payment polling task...
[INFO] 2025-07-10T16:30:00.017Z: Database health check:
[INFO] 2025-07-10T16:30:00.021Z: Found 0 pending payments to check
[INFO] 2025-07-10T16:30:00.022Z: Payment polling task completed
[INFO] 2025-07-10T16:30:00.971Z: Generating payment statistics...
[INFO] 2025-07-10T16:30:00.984Z: Payment statistics:
[INFO] 2025-07-10T16:35:00.563Z: Starting payment polling task...
[INFO] 2025-07-10T16:35:00.566Z: Found 0 pending payments to check
[INFO] 2025-07-10T16:35:00.567Z: Payment polling task completed
[INFO] 2025-07-10T16:40:00.970Z: Performing health check...
[INFO] 2025-07-10T16:40:00.972Z: Starting payment polling task...
[INFO] 2025-07-10T16:40:00.974Z: Database health check:
[INFO] 2025-07-10T16:40:00.977Z: Found 0 pending payments to check
[INFO] 2025-07-10T16:40:00.978Z: Payment polling task completed
[INFO] 2025-07-10T16:45:00.132Z: Starting payment polling task...
[INFO] 2025-07-10T16:45:00.138Z: Found 0 pending payments to check
[INFO] 2025-07-10T16:45:00.139Z: Payment polling task completed
